running egg_info
writing ../../../build/wanderer/wanderer.egg-info/PKG-INFO
writing dependency_links to ../../../build/wanderer/wanderer.egg-info/dependency_links.txt
writing entry points to ../../../build/wanderer/wanderer.egg-info/entry_points.txt
writing requirements to ../../../build/wanderer/wanderer.egg-info/requires.txt
writing top-level names to ../../../build/wanderer/wanderer.egg-info/top_level.txt
reading manifest file '../../../build/wanderer/wanderer.egg-info/SOURCES.txt'
writing manifest file '../../../build/wanderer/wanderer.egg-info/SOURCES.txt'
running build
running build_py
running install
/usr/lib/python3/dist-packages/setuptools/command/install.py:34: SetuptoolsDeprecationWarning: setup.py install is deprecated. Use build and pip and other standards-based tools.
  warnings.warn(
running install_lib
running install_data
running install_egg_info
removing '/home/talha/dev/RoboticsHW2/install/wanderer/lib/python3.10/site-packages/wanderer-0.0.0-py3.10.egg-info' (and everything under it)
Copying ../../../build/wanderer/wanderer.egg-info to /home/talha/dev/RoboticsHW2/install/wanderer/lib/python3.10/site-packages/wanderer-0.0.0-py3.10.egg-info
running install_scripts
Installing wanderer script to /home/talha/dev/RoboticsHW2/install/wanderer/lib/wanderer
writing list of installed files to '/home/talha/dev/RoboticsHW2/build/wanderer/install.log'
