[0.625s] Invoking command in '/home/talha/dev/RoboticsHW2/ws/src/wanderer': PYTHONPATH=/home/talha/dev/RoboticsHW2/build/wanderer/prefix_override:/home/talha/dev/RoboticsHW2/install/wanderer/lib/python3.10/site-packages:${PYTHONPATH} /usr/bin/python3 setup.py egg_info --egg-base ../../../build/wanderer build --build-base /home/talha/dev/RoboticsHW2/build/wanderer/build install --record /home/talha/dev/RoboticsHW2/build/wanderer/install.log --single-version-externally-managed
[0.862s] running egg_info
[0.862s] writing ../../../build/wanderer/wanderer.egg-info/PKG-INFO
[0.863s] writing dependency_links to ../../../build/wanderer/wanderer.egg-info/dependency_links.txt
[0.863s] writing entry points to ../../../build/wanderer/wanderer.egg-info/entry_points.txt
[0.863s] writing requirements to ../../../build/wanderer/wanderer.egg-info/requires.txt
[0.863s] writing top-level names to ../../../build/wanderer/wanderer.egg-info/top_level.txt
[0.865s] reading manifest file '../../../build/wanderer/wanderer.egg-info/SOURCES.txt'
[0.866s] writing manifest file '../../../build/wanderer/wanderer.egg-info/SOURCES.txt'
[0.866s] running build
[0.866s] running build_py
[0.867s] running install
[0.867s] /usr/lib/python3/dist-packages/setuptools/command/install.py:34: SetuptoolsDeprecationWarning: setup.py install is deprecated. Use build and pip and other standards-based tools.
[0.867s]   warnings.warn(
[0.867s] running install_lib
[0.868s] running install_data
[0.869s] running install_egg_info
[0.870s] removing '/home/talha/dev/RoboticsHW2/install/wanderer/lib/python3.10/site-packages/wanderer-0.0.0-py3.10.egg-info' (and everything under it)
[0.871s] Copying ../../../build/wanderer/wanderer.egg-info to /home/talha/dev/RoboticsHW2/install/wanderer/lib/python3.10/site-packages/wanderer-0.0.0-py3.10.egg-info
[0.872s] running install_scripts
[0.891s] Installing wanderer script to /home/talha/dev/RoboticsHW2/install/wanderer/lib/wanderer
[0.891s] writing list of installed files to '/home/talha/dev/RoboticsHW2/build/wanderer/install.log'
[0.914s] Invoked command in '/home/talha/dev/RoboticsHW2/ws/src/wanderer' returned '0': PYTHONPATH=/home/talha/dev/RoboticsHW2/build/wanderer/prefix_override:/home/talha/dev/RoboticsHW2/install/wanderer/lib/python3.10/site-packages:${PYTHONPATH} /usr/bin/python3 setup.py egg_info --egg-base ../../../build/wanderer build --build-base /home/talha/dev/RoboticsHW2/build/wanderer/build install --record /home/talha/dev/RoboticsHW2/build/wanderer/install.log --single-version-externally-managed
