[0.371s] DEBUG:colcon:Command line arguments: ['/usr/bin/colcon', 'build']
[0.371s] DEBUG:colcon:Parsed command line arguments: Namespace(log_base=None, log_level=None, verb_name='build', build_base='build', install_base='install', merge_install=False, symlink_install=False, test_result_base=None, continue_on_error=False, executor='parallel', parallel_workers=8, event_handlers=None, ignore_user_meta=False, metas=['./colcon.meta'], base_paths=['.'], packages_ignore=None, packages_ignore_regex=None, paths=None, packages_up_to=None, packages_up_to_regex=None, packages_above=None, packages_above_and_dependencies=None, packages_above_depth=None, packages_select_by_dep=None, packages_skip_by_dep=None, packages_skip_up_to=None, packages_select_build_failed=False, packages_skip_build_finished=False, packages_select_test_failures=False, packages_skip_test_passed=False, packages_select=None, packages_skip=None, packages_select_regex=None, packages_skip_regex=None, packages_start=None, packages_end=None, allow_overriding=[], cmake_args=None, cmake_target=None, cmake_target_skip_unavailable=False, cmake_clean_cache=False, cmake_clean_first=False, cmake_force_configure=False, ament_cmake_args=None, catkin_cmake_args=None, catkin_skip_building_tests=False, verb_parser=<colcon_defaults.argument_parser.defaults.DefaultArgumentsDecorator object at 0x7f1374e4f850>, verb_extension=<colcon_core.verb.build.BuildVerb object at 0x7f137564b850>, main=<bound method BuildVerb.main of <colcon_core.verb.build.BuildVerb object at 0x7f137564b850>>)
[0.407s] Level 1:colcon.colcon_core.package_discovery:discover_packages(colcon_meta) check parameters
[0.407s] Level 1:colcon.colcon_core.package_discovery:discover_packages(recursive) check parameters
[0.407s] Level 1:colcon.colcon_core.package_discovery:discover_packages(ignore) check parameters
[0.407s] Level 1:colcon.colcon_core.package_discovery:discover_packages(path) check parameters
[0.407s] Level 1:colcon.colcon_core.package_discovery:discover_packages(colcon_meta) discover
[0.407s] Level 1:colcon.colcon_core.package_discovery:discover_packages(recursive) discover
[0.407s] INFO:colcon.colcon_core.package_discovery:Crawling recursively for packages in '/home/talha/dev/RoboticsHW2/ws'
[0.407s] Level 1:colcon.colcon_core.package_identification:_identify(.) by extensions ['ignore', 'ignore_ament_install']
[0.407s] Level 1:colcon.colcon_core.package_identification:_identify(.) by extension 'ignore'
[0.407s] Level 1:colcon.colcon_core.package_identification:_identify(.) by extension 'ignore_ament_install'
[0.407s] Level 1:colcon.colcon_core.package_identification:_identify(.) by extensions ['colcon_pkg']
[0.407s] Level 1:colcon.colcon_core.package_identification:_identify(.) by extension 'colcon_pkg'
[0.408s] Level 1:colcon.colcon_core.package_identification:_identify(.) by extensions ['colcon_meta']
[0.408s] Level 1:colcon.colcon_core.package_identification:_identify(.) by extension 'colcon_meta'
[0.408s] Level 1:colcon.colcon_core.package_identification:_identify(.) by extensions ['ros']
[0.408s] Level 1:colcon.colcon_core.package_identification:_identify(.) by extension 'ros'
[0.424s] Level 1:colcon.colcon_core.package_identification:_identify(.) by extensions ['cmake', 'python']
[0.424s] Level 1:colcon.colcon_core.package_identification:_identify(.) by extension 'cmake'
[0.425s] Level 1:colcon.colcon_core.package_identification:_identify(.) by extension 'python'
[0.425s] Level 1:colcon.colcon_core.package_identification:_identify(.) by extensions ['python_setup_py']
[0.425s] Level 1:colcon.colcon_core.package_identification:_identify(.) by extension 'python_setup_py'
[0.425s] Level 1:colcon.colcon_core.package_identification:_identify(build) by extensions ['ignore', 'ignore_ament_install']
[0.425s] Level 1:colcon.colcon_core.package_identification:_identify(build) by extension 'ignore'
[0.425s] Level 1:colcon.colcon_core.package_identification:_identify(build) ignored
[0.425s] Level 1:colcon.colcon_core.package_identification:_identify(install) by extensions ['ignore', 'ignore_ament_install']
[0.425s] Level 1:colcon.colcon_core.package_identification:_identify(install) by extension 'ignore'
[0.425s] Level 1:colcon.colcon_core.package_identification:_identify(install) ignored
[0.425s] Level 1:colcon.colcon_core.package_identification:_identify(log) by extensions ['ignore', 'ignore_ament_install']
[0.426s] Level 1:colcon.colcon_core.package_identification:_identify(log) by extension 'ignore'
[0.426s] Level 1:colcon.colcon_core.package_identification:_identify(log) ignored
[0.426s] Level 1:colcon.colcon_core.package_identification:_identify(src) by extensions ['ignore', 'ignore_ament_install']
[0.426s] Level 1:colcon.colcon_core.package_identification:_identify(src) by extension 'ignore'
[0.426s] Level 1:colcon.colcon_core.package_identification:_identify(src) by extension 'ignore_ament_install'
[0.426s] Level 1:colcon.colcon_core.package_identification:_identify(src) by extensions ['colcon_pkg']
[0.426s] Level 1:colcon.colcon_core.package_identification:_identify(src) by extension 'colcon_pkg'
[0.426s] Level 1:colcon.colcon_core.package_identification:_identify(src) by extensions ['colcon_meta']
[0.426s] Level 1:colcon.colcon_core.package_identification:_identify(src) by extension 'colcon_meta'
[0.426s] Level 1:colcon.colcon_core.package_identification:_identify(src) by extensions ['ros']
[0.426s] Level 1:colcon.colcon_core.package_identification:_identify(src) by extension 'ros'
[0.426s] Level 1:colcon.colcon_core.package_identification:_identify(src) by extensions ['cmake', 'python']
[0.426s] Level 1:colcon.colcon_core.package_identification:_identify(src) by extension 'cmake'
[0.426s] Level 1:colcon.colcon_core.package_identification:_identify(src) by extension 'python'
[0.426s] Level 1:colcon.colcon_core.package_identification:_identify(src) by extensions ['python_setup_py']
[0.426s] Level 1:colcon.colcon_core.package_identification:_identify(src) by extension 'python_setup_py'
[0.427s] Level 1:colcon.colcon_core.package_identification:_identify(src/my_package) by extensions ['ignore', 'ignore_ament_install']
[0.427s] Level 1:colcon.colcon_core.package_identification:_identify(src/my_package) by extension 'ignore'
[0.427s] Level 1:colcon.colcon_core.package_identification:_identify(src/my_package) by extension 'ignore_ament_install'
[0.427s] Level 1:colcon.colcon_core.package_identification:_identify(src/my_package) by extensions ['colcon_pkg']
[0.427s] Level 1:colcon.colcon_core.package_identification:_identify(src/my_package) by extension 'colcon_pkg'
[0.427s] Level 1:colcon.colcon_core.package_identification:_identify(src/my_package) by extensions ['colcon_meta']
[0.427s] Level 1:colcon.colcon_core.package_identification:_identify(src/my_package) by extension 'colcon_meta'
[0.427s] Level 1:colcon.colcon_core.package_identification:_identify(src/my_package) by extensions ['ros']
[0.427s] Level 1:colcon.colcon_core.package_identification:_identify(src/my_package) by extension 'ros'
[0.430s] DEBUG:colcon.colcon_core.package_identification:Package 'src/my_package' with type 'ros.ament_python' and name 'my_package'
[0.430s] Level 1:colcon.colcon_core.package_identification:_identify(src/wanderer) by extensions ['ignore', 'ignore_ament_install']
[0.430s] Level 1:colcon.colcon_core.package_identification:_identify(src/wanderer) by extension 'ignore'
[0.430s] Level 1:colcon.colcon_core.package_identification:_identify(src/wanderer) by extension 'ignore_ament_install'
[0.430s] Level 1:colcon.colcon_core.package_identification:_identify(src/wanderer) by extensions ['colcon_pkg']
[0.430s] Level 1:colcon.colcon_core.package_identification:_identify(src/wanderer) by extension 'colcon_pkg'
[0.430s] Level 1:colcon.colcon_core.package_identification:_identify(src/wanderer) by extensions ['colcon_meta']
[0.430s] Level 1:colcon.colcon_core.package_identification:_identify(src/wanderer) by extension 'colcon_meta'
[0.430s] Level 1:colcon.colcon_core.package_identification:_identify(src/wanderer) by extensions ['ros']
[0.430s] Level 1:colcon.colcon_core.package_identification:_identify(src/wanderer) by extension 'ros'
[0.431s] DEBUG:colcon.colcon_core.package_identification:Package 'src/wanderer' with type 'ros.ament_python' and name 'wanderer'
[0.431s] Level 1:colcon.colcon_core.package_discovery:discover_packages(recursive) using defaults
[0.431s] Level 1:colcon.colcon_core.package_discovery:discover_packages(ignore) discover
[0.431s] Level 1:colcon.colcon_core.package_discovery:discover_packages(ignore) using defaults
[0.431s] Level 1:colcon.colcon_core.package_discovery:discover_packages(path) discover
[0.431s] Level 1:colcon.colcon_core.package_discovery:discover_packages(path) using defaults
[0.460s] Level 1:colcon.colcon_core.package_discovery:discover_packages(prefix_path) check parameters
[0.460s] Level 1:colcon.colcon_core.package_discovery:discover_packages(prefix_path) discover
[0.464s] DEBUG:colcon.colcon_installed_package_information.package_discovery:Found 307 installed packages in /opt/ros/humble
[0.465s] Level 1:colcon.colcon_core.package_discovery:discover_packages(prefix_path) using defaults
[0.544s] Level 5:colcon.colcon_core.verb:set package 'my_package' build argument 'cmake_args' from command line to 'None'
[0.544s] Level 5:colcon.colcon_core.verb:set package 'my_package' build argument 'cmake_target' from command line to 'None'
[0.544s] Level 5:colcon.colcon_core.verb:set package 'my_package' build argument 'cmake_target_skip_unavailable' from command line to 'False'
[0.544s] Level 5:colcon.colcon_core.verb:set package 'my_package' build argument 'cmake_clean_cache' from command line to 'False'
[0.544s] Level 5:colcon.colcon_core.verb:set package 'my_package' build argument 'cmake_clean_first' from command line to 'False'
[0.544s] Level 5:colcon.colcon_core.verb:set package 'my_package' build argument 'cmake_force_configure' from command line to 'False'
[0.544s] Level 5:colcon.colcon_core.verb:set package 'my_package' build argument 'ament_cmake_args' from command line to 'None'
[0.544s] Level 5:colcon.colcon_core.verb:set package 'my_package' build argument 'catkin_cmake_args' from command line to 'None'
[0.544s] Level 5:colcon.colcon_core.verb:set package 'my_package' build argument 'catkin_skip_building_tests' from command line to 'False'
[0.544s] DEBUG:colcon.colcon_core.verb:Building package 'my_package' with the following arguments: {'ament_cmake_args': None, 'build_base': '/home/talha/dev/RoboticsHW2/ws/build/my_package', 'catkin_cmake_args': None, 'catkin_skip_building_tests': False, 'cmake_args': None, 'cmake_clean_cache': False, 'cmake_clean_first': False, 'cmake_force_configure': False, 'cmake_target': None, 'cmake_target_skip_unavailable': False, 'install_base': '/home/talha/dev/RoboticsHW2/ws/install/my_package', 'merge_install': False, 'path': '/home/talha/dev/RoboticsHW2/ws/src/my_package', 'symlink_install': False, 'test_result_base': None}
[0.546s] Level 5:colcon.colcon_core.verb:set package 'wanderer' build argument 'cmake_args' from command line to 'None'
[0.546s] Level 5:colcon.colcon_core.verb:set package 'wanderer' build argument 'cmake_target' from command line to 'None'
[0.546s] Level 5:colcon.colcon_core.verb:set package 'wanderer' build argument 'cmake_target_skip_unavailable' from command line to 'False'
[0.546s] Level 5:colcon.colcon_core.verb:set package 'wanderer' build argument 'cmake_clean_cache' from command line to 'False'
[0.546s] Level 5:colcon.colcon_core.verb:set package 'wanderer' build argument 'cmake_clean_first' from command line to 'False'
[0.546s] Level 5:colcon.colcon_core.verb:set package 'wanderer' build argument 'cmake_force_configure' from command line to 'False'
[0.546s] Level 5:colcon.colcon_core.verb:set package 'wanderer' build argument 'ament_cmake_args' from command line to 'None'
[0.546s] Level 5:colcon.colcon_core.verb:set package 'wanderer' build argument 'catkin_cmake_args' from command line to 'None'
[0.546s] Level 5:colcon.colcon_core.verb:set package 'wanderer' build argument 'catkin_skip_building_tests' from command line to 'False'
[0.546s] DEBUG:colcon.colcon_core.verb:Building package 'wanderer' with the following arguments: {'ament_cmake_args': None, 'build_base': '/home/talha/dev/RoboticsHW2/ws/build/wanderer', 'catkin_cmake_args': None, 'catkin_skip_building_tests': False, 'cmake_args': None, 'cmake_clean_cache': False, 'cmake_clean_first': False, 'cmake_force_configure': False, 'cmake_target': None, 'cmake_target_skip_unavailable': False, 'install_base': '/home/talha/dev/RoboticsHW2/ws/install/wanderer', 'merge_install': False, 'path': '/home/talha/dev/RoboticsHW2/ws/src/wanderer', 'symlink_install': False, 'test_result_base': None}
[0.547s] INFO:colcon.colcon_core.executor:Executing jobs using 'parallel' executor
[0.552s] DEBUG:colcon.colcon_parallel_executor.executor.parallel:run_until_complete
[0.552s] INFO:colcon.colcon_ros.task.ament_python.build:Building ROS package in '/home/talha/dev/RoboticsHW2/ws/src/my_package' with build type 'ament_python'
[0.552s] Level 1:colcon.colcon_core.shell:create_environment_hook('my_package', 'ament_prefix_path')
[0.557s] INFO:colcon.colcon_core.plugin_system:Skipping extension 'colcon_core.shell.bat': Not used on non-Windows systems
[0.557s] INFO:colcon.colcon_core.shell:Creating environment hook '/home/talha/dev/RoboticsHW2/ws/install/my_package/share/my_package/hook/ament_prefix_path.ps1'
[0.558s] INFO:colcon.colcon_core.shell:Creating environment descriptor '/home/talha/dev/RoboticsHW2/ws/install/my_package/share/my_package/hook/ament_prefix_path.dsv'
[0.558s] INFO:colcon.colcon_core.shell:Creating environment hook '/home/talha/dev/RoboticsHW2/ws/install/my_package/share/my_package/hook/ament_prefix_path.sh'
[0.560s] INFO:colcon.colcon_core.shell:Skip shell extension 'powershell' for command environment: Not usable outside of PowerShell
[0.560s] DEBUG:colcon.colcon_core.shell:Skip shell extension 'dsv' for command environment
[0.564s] INFO:colcon.colcon_ros.task.ament_python.build:Building ROS package in '/home/talha/dev/RoboticsHW2/ws/src/wanderer' with build type 'ament_python'
[0.564s] Level 1:colcon.colcon_core.shell:create_environment_hook('wanderer', 'ament_prefix_path')
[0.567s] INFO:colcon.colcon_core.shell:Creating environment hook '/home/talha/dev/RoboticsHW2/ws/install/wanderer/share/wanderer/hook/ament_prefix_path.ps1'
[0.568s] INFO:colcon.colcon_core.shell:Creating environment descriptor '/home/talha/dev/RoboticsHW2/ws/install/wanderer/share/wanderer/hook/ament_prefix_path.dsv'
[0.568s] INFO:colcon.colcon_core.shell:Creating environment hook '/home/talha/dev/RoboticsHW2/ws/install/wanderer/share/wanderer/hook/ament_prefix_path.sh'
[0.571s] INFO:colcon.colcon_core.shell:Skip shell extension 'powershell' for command environment: Not usable outside of PowerShell
[0.571s] DEBUG:colcon.colcon_core.shell:Skip shell extension 'dsv' for command environment
[0.967s] INFO:colcon.colcon_core.task.python.build:Building Python package in '/home/talha/dev/RoboticsHW2/ws/src/my_package'
[0.969s] INFO:colcon.colcon_core.shell:Skip shell extension 'powershell' for command environment: Not usable outside of PowerShell
[0.969s] DEBUG:colcon.colcon_core.shell:Skip shell extension 'dsv' for command environment
[1.367s] INFO:colcon.colcon_core.task.python.build:Building Python package in '/home/talha/dev/RoboticsHW2/ws/src/wanderer'
[1.369s] INFO:colcon.colcon_core.shell:Skip shell extension 'powershell' for command environment: Not usable outside of PowerShell
[1.370s] DEBUG:colcon.colcon_core.shell:Skip shell extension 'dsv' for command environment
[1.858s] DEBUG:colcon.colcon_core.event_handler.log_command:Invoking command in '/home/talha/dev/RoboticsHW2/ws/src/wanderer': PYTHONPATH=/home/talha/dev/RoboticsHW2/ws/build/wanderer/prefix_override:/home/talha/dev/RoboticsHW2/ws/install/wanderer/lib/python3.10/site-packages:${PYTHONPATH} /usr/bin/python3 setup.py egg_info --egg-base ../../build/wanderer build --build-base /home/talha/dev/RoboticsHW2/ws/build/wanderer/build install --record /home/talha/dev/RoboticsHW2/ws/build/wanderer/install.log --single-version-externally-managed
[1.862s] DEBUG:colcon.colcon_core.event_handler.log_command:Invoking command in '/home/talha/dev/RoboticsHW2/ws/src/my_package': PYTHONPATH=/home/talha/dev/RoboticsHW2/ws/build/my_package/prefix_override:/home/talha/dev/RoboticsHW2/ws/install/my_package/lib/python3.10/site-packages:${PYTHONPATH} /usr/bin/python3 setup.py egg_info --egg-base ../../build/my_package build --build-base /home/talha/dev/RoboticsHW2/ws/build/my_package/build install --record /home/talha/dev/RoboticsHW2/ws/build/my_package/install.log --single-version-externally-managed
[2.290s] DEBUG:colcon.colcon_core.event_handler.log_command:Invoked command in '/home/talha/dev/RoboticsHW2/ws/src/wanderer' returned '0': PYTHONPATH=/home/talha/dev/RoboticsHW2/ws/build/wanderer/prefix_override:/home/talha/dev/RoboticsHW2/ws/install/wanderer/lib/python3.10/site-packages:${PYTHONPATH} /usr/bin/python3 setup.py egg_info --egg-base ../../build/wanderer build --build-base /home/talha/dev/RoboticsHW2/ws/build/wanderer/build install --record /home/talha/dev/RoboticsHW2/ws/build/wanderer/install.log --single-version-externally-managed
[2.296s] Level 1:colcon.colcon_core.environment:checking '/home/talha/dev/RoboticsHW2/ws/install/wanderer' for CMake module files
[2.297s] Level 1:colcon.colcon_core.environment:checking '/home/talha/dev/RoboticsHW2/ws/install/wanderer' for CMake config files
[2.298s] Level 1:colcon.colcon_core.environment:checking '/home/talha/dev/RoboticsHW2/ws/install/wanderer/lib'
[2.300s] Level 1:colcon.colcon_core.environment:checking '/home/talha/dev/RoboticsHW2/ws/install/wanderer/bin'
[2.300s] Level 1:colcon.colcon_core.environment:checking '/home/talha/dev/RoboticsHW2/ws/install/wanderer/lib/pkgconfig/wanderer.pc'
[2.300s] Level 1:colcon.colcon_core.environment:checking '/home/talha/dev/RoboticsHW2/ws/install/wanderer/lib/python3.10/site-packages'
[2.301s] Level 1:colcon.colcon_core.shell:create_environment_hook('wanderer', 'pythonpath')
[2.304s] INFO:colcon.colcon_core.shell:Creating environment hook '/home/talha/dev/RoboticsHW2/ws/install/wanderer/share/wanderer/hook/pythonpath.ps1'
[2.305s] INFO:colcon.colcon_core.shell:Creating environment descriptor '/home/talha/dev/RoboticsHW2/ws/install/wanderer/share/wanderer/hook/pythonpath.dsv'
[2.305s] INFO:colcon.colcon_core.shell:Creating environment hook '/home/talha/dev/RoboticsHW2/ws/install/wanderer/share/wanderer/hook/pythonpath.sh'
[2.306s] Level 1:colcon.colcon_core.environment:checking '/home/talha/dev/RoboticsHW2/ws/install/wanderer/bin'
[2.306s] Level 1:colcon.colcon_core.environment:create_environment_scripts_only(wanderer)
[2.309s] INFO:colcon.colcon_core.shell:Creating package script '/home/talha/dev/RoboticsHW2/ws/install/wanderer/share/wanderer/package.ps1'
[2.311s] INFO:colcon.colcon_core.shell:Creating package descriptor '/home/talha/dev/RoboticsHW2/ws/install/wanderer/share/wanderer/package.dsv'
[2.312s] INFO:colcon.colcon_core.shell:Creating package script '/home/talha/dev/RoboticsHW2/ws/install/wanderer/share/wanderer/package.sh'
[2.314s] INFO:colcon.colcon_core.shell:Creating package script '/home/talha/dev/RoboticsHW2/ws/install/wanderer/share/wanderer/package.bash'
[2.317s] INFO:colcon.colcon_core.shell:Creating package script '/home/talha/dev/RoboticsHW2/ws/install/wanderer/share/wanderer/package.zsh'
[2.318s] Level 1:colcon.colcon_core.environment:create_file_with_runtime_dependencies(/home/talha/dev/RoboticsHW2/ws/install/wanderer/share/colcon-core/packages/wanderer)
[2.337s] Level 1:colcon.colcon_core.environment:checking '/home/talha/dev/RoboticsHW2/ws/install/my_package' for CMake module files
[2.339s] DEBUG:colcon.colcon_core.event_handler.log_command:Invoked command in '/home/talha/dev/RoboticsHW2/ws/src/my_package' returned '0': PYTHONPATH=/home/talha/dev/RoboticsHW2/ws/build/my_package/prefix_override:/home/talha/dev/RoboticsHW2/ws/install/my_package/lib/python3.10/site-packages:${PYTHONPATH} /usr/bin/python3 setup.py egg_info --egg-base ../../build/my_package build --build-base /home/talha/dev/RoboticsHW2/ws/build/my_package/build install --record /home/talha/dev/RoboticsHW2/ws/build/my_package/install.log --single-version-externally-managed
[2.339s] Level 1:colcon.colcon_core.environment:checking '/home/talha/dev/RoboticsHW2/ws/install/my_package' for CMake config files
[2.340s] Level 1:colcon.colcon_core.environment:checking '/home/talha/dev/RoboticsHW2/ws/install/my_package/lib'
[2.340s] Level 1:colcon.colcon_core.environment:checking '/home/talha/dev/RoboticsHW2/ws/install/my_package/bin'
[2.340s] Level 1:colcon.colcon_core.environment:checking '/home/talha/dev/RoboticsHW2/ws/install/my_package/lib/pkgconfig/my_package.pc'
[2.340s] Level 1:colcon.colcon_core.environment:checking '/home/talha/dev/RoboticsHW2/ws/install/my_package/lib/python3.10/site-packages'
[2.340s] Level 1:colcon.colcon_core.shell:create_environment_hook('my_package', 'pythonpath')
[2.341s] INFO:colcon.colcon_core.shell:Creating environment hook '/home/talha/dev/RoboticsHW2/ws/install/my_package/share/my_package/hook/pythonpath.ps1'
[2.342s] INFO:colcon.colcon_core.shell:Creating environment descriptor '/home/talha/dev/RoboticsHW2/ws/install/my_package/share/my_package/hook/pythonpath.dsv'
[2.342s] INFO:colcon.colcon_core.shell:Creating environment hook '/home/talha/dev/RoboticsHW2/ws/install/my_package/share/my_package/hook/pythonpath.sh'
[2.344s] Level 1:colcon.colcon_core.environment:checking '/home/talha/dev/RoboticsHW2/ws/install/my_package/bin'
[2.344s] Level 1:colcon.colcon_core.environment:create_environment_scripts_only(my_package)
[2.346s] INFO:colcon.colcon_core.shell:Creating package script '/home/talha/dev/RoboticsHW2/ws/install/my_package/share/my_package/package.ps1'
[2.347s] INFO:colcon.colcon_core.shell:Creating package descriptor '/home/talha/dev/RoboticsHW2/ws/install/my_package/share/my_package/package.dsv'
[2.349s] INFO:colcon.colcon_core.shell:Creating package script '/home/talha/dev/RoboticsHW2/ws/install/my_package/share/my_package/package.sh'
[2.350s] INFO:colcon.colcon_core.shell:Creating package script '/home/talha/dev/RoboticsHW2/ws/install/my_package/share/my_package/package.bash'
[2.351s] INFO:colcon.colcon_core.shell:Creating package script '/home/talha/dev/RoboticsHW2/ws/install/my_package/share/my_package/package.zsh'
[2.352s] Level 1:colcon.colcon_core.environment:create_file_with_runtime_dependencies(/home/talha/dev/RoboticsHW2/ws/install/my_package/share/colcon-core/packages/my_package)
[2.353s] DEBUG:colcon.colcon_parallel_executor.executor.parallel:closing loop
[2.353s] DEBUG:colcon.colcon_parallel_executor.executor.parallel:loop closed
[2.353s] DEBUG:colcon.colcon_parallel_executor.executor.parallel:run_until_complete finished with '0'
[2.354s] DEBUG:colcon.colcon_core.event_reactor:joining thread
[2.363s] INFO:colcon.colcon_core.plugin_system:Skipping extension 'colcon_notification.desktop_notification.terminal_notifier': Not used on non-Darwin systems
[2.364s] INFO:colcon.colcon_core.plugin_system:Skipping extension 'colcon_notification.desktop_notification.win32': Not used on non-Windows systems
[2.364s] INFO:colcon.colcon_notification.desktop_notification:Sending desktop notification using 'notify2'
[2.393s] DEBUG:colcon.colcon_core.event_reactor:joined thread
[2.396s] INFO:colcon.colcon_core.shell:Creating prefix script '/home/talha/dev/RoboticsHW2/ws/install/local_setup.ps1'
[2.398s] INFO:colcon.colcon_core.shell:Creating prefix util module '/home/talha/dev/RoboticsHW2/ws/install/_local_setup_util_ps1.py'
[2.401s] INFO:colcon.colcon_core.shell:Creating prefix chain script '/home/talha/dev/RoboticsHW2/ws/install/setup.ps1'
[2.404s] INFO:colcon.colcon_core.shell:Creating prefix script '/home/talha/dev/RoboticsHW2/ws/install/local_setup.sh'
[2.405s] INFO:colcon.colcon_core.shell:Creating prefix util module '/home/talha/dev/RoboticsHW2/ws/install/_local_setup_util_sh.py'
[2.405s] INFO:colcon.colcon_core.shell:Creating prefix chain script '/home/talha/dev/RoboticsHW2/ws/install/setup.sh'
[2.407s] INFO:colcon.colcon_core.shell:Creating prefix script '/home/talha/dev/RoboticsHW2/ws/install/local_setup.bash'
[2.408s] INFO:colcon.colcon_core.shell:Creating prefix chain script '/home/talha/dev/RoboticsHW2/ws/install/setup.bash'
[2.410s] INFO:colcon.colcon_core.shell:Creating prefix script '/home/talha/dev/RoboticsHW2/ws/install/local_setup.zsh'
[2.411s] INFO:colcon.colcon_core.shell:Creating prefix chain script '/home/talha/dev/RoboticsHW2/ws/install/setup.zsh'
