[0.711s] Invoking command in '/home/talha/dev/RoboticsHW2/ws/src/my_package': PYTHONPATH=/home/talha/dev/RoboticsHW2/ws/build/my_package/prefix_override:/home/talha/dev/RoboticsHW2/ws/install/my_package/lib/python3.10/site-packages:${PYTHONPATH} /usr/bin/python3 setup.py egg_info --egg-base ../../build/my_package build --build-base /home/talha/dev/RoboticsHW2/ws/build/my_package/build install --record /home/talha/dev/RoboticsHW2/ws/build/my_package/install.log --single-version-externally-managed
[1.005s] running egg_info
[1.006s] creating ../../build/my_package/my_package.egg-info
[1.006s] writing ../../build/my_package/my_package.egg-info/PKG-INFO
[1.007s] writing dependency_links to ../../build/my_package/my_package.egg-info/dependency_links.txt
[1.007s] writing entry points to ../../build/my_package/my_package.egg-info/entry_points.txt
[1.007s] writing requirements to ../../build/my_package/my_package.egg-info/requires.txt
[1.007s] writing top-level names to ../../build/my_package/my_package.egg-info/top_level.txt
[1.008s] writing manifest file '../../build/my_package/my_package.egg-info/SOURCES.txt'
[1.010s] reading manifest file '../../build/my_package/my_package.egg-info/SOURCES.txt'
[1.011s] writing manifest file '../../build/my_package/my_package.egg-info/SOURCES.txt'
[1.012s] running build
[1.012s] running build_py
[1.012s] creating /home/talha/dev/RoboticsHW2/ws/build/my_package/build
[1.012s] creating /home/talha/dev/RoboticsHW2/ws/build/my_package/build/lib
[1.012s] creating /home/talha/dev/RoboticsHW2/ws/build/my_package/build/lib/my_package
[1.013s] copying my_package/my_node.py -> /home/talha/dev/RoboticsHW2/ws/build/my_package/build/lib/my_package
[1.013s] copying my_package/__init__.py -> /home/talha/dev/RoboticsHW2/ws/build/my_package/build/lib/my_package
[1.013s] /usr/lib/python3/dist-packages/setuptools/command/install.py:34: SetuptoolsDeprecationWarning: setup.py install is deprecated. Use build and pip and other standards-based tools.
[1.013s]   warnings.warn(
[1.013s] running install
[1.014s] running install_lib
[1.014s] creating /home/talha/dev/RoboticsHW2/ws/install/my_package/lib/python3.10/site-packages/my_package
[1.014s] copying /home/talha/dev/RoboticsHW2/ws/build/my_package/build/lib/my_package/my_node.py -> /home/talha/dev/RoboticsHW2/ws/install/my_package/lib/python3.10/site-packages/my_package
[1.015s] copying /home/talha/dev/RoboticsHW2/ws/build/my_package/build/lib/my_package/__init__.py -> /home/talha/dev/RoboticsHW2/ws/install/my_package/lib/python3.10/site-packages/my_package
[1.015s] byte-compiling /home/talha/dev/RoboticsHW2/ws/install/my_package/lib/python3.10/site-packages/my_package/my_node.py to my_node.cpython-310.pyc
[1.015s] byte-compiling /home/talha/dev/RoboticsHW2/ws/install/my_package/lib/python3.10/site-packages/my_package/__init__.py to __init__.cpython-310.pyc
[1.016s] running install_data
[1.016s] creating /home/talha/dev/RoboticsHW2/ws/install/my_package/share/ament_index
[1.016s] creating /home/talha/dev/RoboticsHW2/ws/install/my_package/share/ament_index/resource_index
[1.017s] creating /home/talha/dev/RoboticsHW2/ws/install/my_package/share/ament_index/resource_index/packages
[1.017s] copying resource/my_package -> /home/talha/dev/RoboticsHW2/ws/install/my_package/share/ament_index/resource_index/packages
[1.017s] copying package.xml -> /home/talha/dev/RoboticsHW2/ws/install/my_package/share/my_package
[1.017s] running install_egg_info
[1.019s] Copying ../../build/my_package/my_package.egg-info to /home/talha/dev/RoboticsHW2/ws/install/my_package/lib/python3.10/site-packages/my_package-0.0.0-py3.10.egg-info
[1.020s] running install_scripts
[1.050s] Installing my_node script to /home/talha/dev/RoboticsHW2/ws/install/my_package/lib/my_package
[1.050s] writing list of installed files to '/home/talha/dev/RoboticsHW2/ws/build/my_package/install.log'
[1.080s] Invoked command in '/home/talha/dev/RoboticsHW2/ws/src/my_package' returned '0': PYTHONPATH=/home/talha/dev/RoboticsHW2/ws/build/my_package/prefix_override:/home/talha/dev/RoboticsHW2/ws/install/my_package/lib/python3.10/site-packages:${PYTHONPATH} /usr/bin/python3 setup.py egg_info --egg-base ../../build/my_package build --build-base /home/talha/dev/RoboticsHW2/ws/build/my_package/build install --record /home/talha/dev/RoboticsHW2/ws/build/my_package/install.log --single-version-externally-managed
