[0.583s] Invoking command in '/home/talha/dev/RoboticsHW2/ws/src/wanderer': PYTHONPATH=/home/talha/dev/RoboticsHW2/build/wanderer/prefix_override:/home/talha/dev/RoboticsHW2/install/wanderer/lib/python3.10/site-packages:${PYTHONPATH} /usr/bin/python3 setup.py egg_info --egg-base ../../../build/wanderer build --build-base /home/talha/dev/RoboticsHW2/build/wanderer/build install --record /home/talha/dev/RoboticsHW2/build/wanderer/install.log --single-version-externally-managed
[0.810s] running egg_info
[0.811s] creating ../../../build/wanderer/wanderer.egg-info
[0.811s] writing ../../../build/wanderer/wanderer.egg-info/PKG-INFO
[0.812s] writing dependency_links to ../../../build/wanderer/wanderer.egg-info/dependency_links.txt
[0.812s] writing entry points to ../../../build/wanderer/wanderer.egg-info/entry_points.txt
[0.812s] writing requirements to ../../../build/wanderer/wanderer.egg-info/requires.txt
[0.813s] writing top-level names to ../../../build/wanderer/wanderer.egg-info/top_level.txt
[0.813s] writing manifest file '../../../build/wanderer/wanderer.egg-info/SOURCES.txt'
[0.814s] reading manifest file '../../../build/wanderer/wanderer.egg-info/SOURCES.txt'
[0.815s] writing manifest file '../../../build/wanderer/wanderer.egg-info/SOURCES.txt'
[0.815s] running build
[0.816s] running build_py
[0.816s] creating /home/talha/dev/RoboticsHW2/build/wanderer/build
[0.816s] creating /home/talha/dev/RoboticsHW2/build/wanderer/build/lib
[0.816s] creating /home/talha/dev/RoboticsHW2/build/wanderer/build/lib/wanderer
[0.817s] copying wanderer/wanderer.py -> /home/talha/dev/RoboticsHW2/build/wanderer/build/lib/wanderer
[0.817s] copying wanderer/__init__.py -> /home/talha/dev/RoboticsHW2/build/wanderer/build/lib/wanderer
[0.817s] running install
[0.817s] /usr/lib/python3/dist-packages/setuptools/command/install.py:34: SetuptoolsDeprecationWarning: setup.py install is deprecated. Use build and pip and other standards-based tools.
[0.817s]   warnings.warn(
[0.817s] running install_lib
[0.818s] creating /home/talha/dev/RoboticsHW2/install/wanderer/lib/python3.10/site-packages/wanderer
[0.818s] copying /home/talha/dev/RoboticsHW2/build/wanderer/build/lib/wanderer/wanderer.py -> /home/talha/dev/RoboticsHW2/install/wanderer/lib/python3.10/site-packages/wanderer
[0.818s] copying /home/talha/dev/RoboticsHW2/build/wanderer/build/lib/wanderer/__init__.py -> /home/talha/dev/RoboticsHW2/install/wanderer/lib/python3.10/site-packages/wanderer
[0.818s] byte-compiling /home/talha/dev/RoboticsHW2/install/wanderer/lib/python3.10/site-packages/wanderer/wanderer.py to wanderer.cpython-310.pyc
[0.819s] byte-compiling /home/talha/dev/RoboticsHW2/install/wanderer/lib/python3.10/site-packages/wanderer/__init__.py to __init__.cpython-310.pyc
[0.819s] running install_data
[0.820s] creating /home/talha/dev/RoboticsHW2/install/wanderer/share/ament_index
[0.820s] creating /home/talha/dev/RoboticsHW2/install/wanderer/share/ament_index/resource_index
[0.820s] creating /home/talha/dev/RoboticsHW2/install/wanderer/share/ament_index/resource_index/packages
[0.820s] copying resource/wanderer -> /home/talha/dev/RoboticsHW2/install/wanderer/share/ament_index/resource_index/packages
[0.820s] copying package.xml -> /home/talha/dev/RoboticsHW2/install/wanderer/share/wanderer
[0.820s] running install_egg_info
[0.822s] Copying ../../../build/wanderer/wanderer.egg-info to /home/talha/dev/RoboticsHW2/install/wanderer/lib/python3.10/site-packages/wanderer-0.0.0-py3.10.egg-info
[0.822s] running install_scripts
[0.845s] Installing wanderer script to /home/talha/dev/RoboticsHW2/install/wanderer/lib/wanderer
[0.845s] writing list of installed files to '/home/talha/dev/RoboticsHW2/build/wanderer/install.log'
[0.873s] Invoked command in '/home/talha/dev/RoboticsHW2/ws/src/wanderer' returned '0': PYTHONPATH=/home/talha/dev/RoboticsHW2/build/wanderer/prefix_override:/home/talha/dev/RoboticsHW2/install/wanderer/lib/python3.10/site-packages:${PYTHONPATH} /usr/bin/python3 setup.py egg_info --egg-base ../../../build/wanderer build --build-base /home/talha/dev/RoboticsHW2/build/wanderer/build install --record /home/talha/dev/RoboticsHW2/build/wanderer/install.log --single-version-externally-managed
