[1.309s] Invoking command in '/home/talha/dev/RoboticsHW2/ws/src/my_package': PYTHONPATH=/home/talha/dev/RoboticsHW2/ws/build/my_package/prefix_override:/home/talha/dev/RoboticsHW2/ws/install/my_package/lib/python3.10/site-packages:${PYTHONPATH} /usr/bin/python3 setup.py egg_info --egg-base ../../build/my_package build --build-base /home/talha/dev/RoboticsHW2/ws/build/my_package/build install --record /home/talha/dev/RoboticsHW2/ws/build/my_package/install.log --single-version-externally-managed
[1.681s] running egg_info
[1.683s] writing ../../build/my_package/my_package.egg-info/PKG-INFO
[1.683s] writing dependency_links to ../../build/my_package/my_package.egg-info/dependency_links.txt
[1.684s] writing entry points to ../../build/my_package/my_package.egg-info/entry_points.txt
[1.684s] writing requirements to ../../build/my_package/my_package.egg-info/requires.txt
[1.684s] writing top-level names to ../../build/my_package/my_package.egg-info/top_level.txt
[1.689s] reading manifest file '../../build/my_package/my_package.egg-info/SOURCES.txt'
[1.691s] writing manifest file '../../build/my_package/my_package.egg-info/SOURCES.txt'
[1.691s] running build
[1.692s] running build_py
[1.692s] running install
[1.693s] /usr/lib/python3/dist-packages/setuptools/command/install.py:34: SetuptoolsDeprecationWarning: setup.py install is deprecated. Use build and pip and other standards-based tools.
[1.693s]   warnings.warn(
[1.693s] running install_lib
[1.695s] running install_data
[1.696s] running install_egg_info
[1.698s] removing '/home/talha/dev/RoboticsHW2/ws/install/my_package/lib/python3.10/site-packages/my_package-0.0.0-py3.10.egg-info' (and everything under it)
[1.699s] Copying ../../build/my_package/my_package.egg-info to /home/talha/dev/RoboticsHW2/ws/install/my_package/lib/python3.10/site-packages/my_package-0.0.0-py3.10.egg-info
[1.700s] running install_scripts
[1.732s] Installing my_node script to /home/talha/dev/RoboticsHW2/ws/install/my_package/lib/my_package
[1.733s] writing list of installed files to '/home/talha/dev/RoboticsHW2/ws/build/my_package/install.log'
[1.786s] Invoked command in '/home/talha/dev/RoboticsHW2/ws/src/my_package' returned '0': PYTHONPATH=/home/talha/dev/RoboticsHW2/ws/build/my_package/prefix_override:/home/talha/dev/RoboticsHW2/ws/install/my_package/lib/python3.10/site-packages:${PYTHONPATH} /usr/bin/python3 setup.py egg_info --egg-base ../../build/my_package build --build-base /home/talha/dev/RoboticsHW2/ws/build/my_package/build install --record /home/talha/dev/RoboticsHW2/ws/build/my_package/install.log --single-version-externally-managed
